Using pre-set license
Built from '2020.2/staging' branch; Version is '2020.2.7f1 (c53830e277f1) revision 12924976'; Using compiler version '192528614'; Build Type 'Release'
OS: 'Windows 7  (6.1.0) 64bit' Language: 'zh' Physical Memory: 16316 MB
BatchMode: 1, IsHumanControllingUs: 0, StartBugReporterOnCrash: 0, Is64bit: 1, IsPro: 0

 COMMAND LINE ARGUMENTS:
C:\Program Files\Unity\Hub\Editor\2020.2.7f1\Editor\Unity.exe
-adb2
-batchMode
-noUpm
-name
AssetImportWorker0
-projectPath
C:/Users/husheng/Desktop/myProject/4GameFramework/myShaderLibrary/Project/Common
-logFile
Logs/AssetImportWorker0.log
-srvPort
3344
Successfully changed project path to: C:/Users/husheng/Desktop/myProject/4GameFramework/myShaderLibrary/Project/Common
C:/Users/husheng/Desktop/myProject/4GameFramework/myShaderLibrary/Project/Common
Using Asset Import Pipeline V2.
Refreshing native plugins compatible for Editor in 146.15 ms, found 1 plugins.
Preloading 0 native plugins for Editor in 0.00 ms.
Initialize engine version: 2020.2.7f1 (c53830e277f1)
[Subsystems] Discovering subsystems at path C:/Program Files/Unity/Hub/Editor/2020.2.7f1/Editor/Data/Resources/UnitySubsystems
[Subsystems] Discovering subsystems at path C:/Users/husheng/Desktop/myProject/4GameFramework/myShaderLibrary/Project/Common/Assets
GfxDevice: creating device client; threaded=0
d3d11: CreateDXGIFactory2(...) not found, fallbacking to CreateDXGIFactory1(...).
d3d11: D3D_FEATURE_LEVEL_11_1 not-recognized (only 11.0 runtime installed?)
d3d11: QueryInterface(IDXGIFactory5) failed (80004002).
Direct3D:
    Version:  Direct3D 11.0 [level 11.0]
    Renderer: NVIDIA GeForce GTX 750 Ti (ID=0x1380)
    Vendor:   
    VRAM:     1984 MB
    Driver:   24.21.13.9764
Shader 'Universal Render Pipeline/Particles/Lit': fallback shader 'Universal Render Pipeline/Particles/SimpleLit' not found
Initialize mono
Mono path[0] = 'C:/Program Files/Unity/Hub/Editor/2020.2.7f1/Editor/Data/Managed'
Mono path[1] = 'C:/Program Files/Unity/Hub/Editor/2020.2.7f1/Editor/Data/MonoBleedingEdge/lib/mono/unityjit'
Mono config path = 'C:/Program Files/Unity/Hub/Editor/2020.2.7f1/Editor/Data/MonoBleedingEdge/etc'
Using monoOptions --debugger-agent=transport=dt_socket,embedding=1,server=y,suspend=n,address=127.0.0.1:56840
Begin MonoManager ReloadAssembly
Registering precompiled unity dll's ...
Register platform support module: C:/Program Files/Unity/Hub/Editor/2020.2.7f1/Editor/Data/PlaybackEngines/WindowsStandaloneSupport/UnityEditor.WindowsStandalone.Extensions.dll
Registered in 0.002877 seconds.
Native extension for WindowsStandalone target not found
Refreshing native plugins compatible for Editor in 117.16 ms, found 1 plugins.
Preloading 0 native plugins for Editor in 0.00 ms.
Invoked RoslynAnalysisRunner static constructor.
RoslynAnalysisRunner will not be running.
RoslynAnalysisRunner has terminated.
Mono: successfully reloaded assembly
- Completed reload, in  3.194 seconds
Platform modules already initialized, skipping
Registering precompiled user dll's ...
Registered in 0.009286 seconds.
Begin MonoManager ReloadAssembly
Symbol file LoadedFromMemory doesn't match image C:\Users\husheng\Desktop\myProject\4GameFramework\myShaderLibrary\Project\Common\Assets\Plugins\LogHelper.dll
Native extension for WindowsStandalone target not found
Refreshing native plugins compatible for Editor in 120.15 ms, found 1 plugins.
Preloading 0 native plugins for Editor in 0.00 ms.
Invoked RoslynAnalysisRunner static constructor.
RoslynAnalysisRunner will not be running.
RoslynAnalysisRunner has terminated.
Mono: successfully reloaded assembly
- Completed reload, in  1.481 seconds
Platform modules already initialized, skipping
========================================================================
Worker process is ready to serve import requests
Shader 'Universal Render Pipeline/Particles/Lit': fallback shader 'Universal Render Pipeline/Particles/SimpleLit' not found
Launched and connected shader compiler UnityShaderCompiler.exe after 0.05 seconds
Refreshing native plugins compatible for Editor in 1.03 ms, found 1 plugins.
Preloading 0 native plugins for Editor in 0.00 ms.
Unloading 4104 Unused Serialized files (Serialized files now loaded: 0)
System memory in use before: 173.2 MB.
System memory in use after: 173.3 MB.

Unloading 66 unused Assets to reduce memory usage. Loaded Objects now: 4513.
Total: 5.713037 ms (FindLiveObjects: 0.365686 ms CreateObjectMapping: 0.233846 ms MarkObjects: 4.949909 ms  DeleteObjects: 0.162313 ms)

========================================================================
Received Import Request.
  path: Assets/Scenes/PostProcess/PostProcess.unity
  artifactKey: Guid(f3d54d1853a92ad46abfb0d3c79d3448) Importer(815301076,1909f56bfc062723c751e8b465ee728b)
Start importing Assets/Scenes/PostProcess/PostProcess.unity using Guid(f3d54d1853a92ad46abfb0d3c79d3448) Importer(815301076,1909f56bfc062723c751e8b465ee728b)  -> (artifact id: '715e566a248a1b2aa3a8233f25c6b4fb') in 0.015508 seconds
  Import took 0.021872 seconds .

========================================================================
Received Import Request.
  Time since last request: 18.947906 seconds.
  path: Assets/Scenes/NPR/NPR_Cat.unity
  artifactKey: Guid(09d8eca198e3efb4f87cb9374723ac8c) Importer(815301076,1909f56bfc062723c751e8b465ee728b)
Start importing Assets/Scenes/NPR/NPR_Cat.unity using Guid(09d8eca198e3efb4f87cb9374723ac8c) Importer(815301076,1909f56bfc062723c751e8b465ee728b)  -> (artifact id: 'fc3eb2573c3a5f4e03736687d47c4d90') in 0.004665 seconds
  Import took 0.013379 seconds .

========================================================================
Received Import Request.
  Time since last request: 0.000866 seconds.
  path: Assets/Scenes/NPR/NPR_Cat.unity
  artifactKey: Guid(09d8eca198e3efb4f87cb9374723ac8c) Importer(815301076,1909f56bfc062723c751e8b465ee728b)
Start importing Assets/Scenes/NPR/NPR_Cat.unity using Guid(09d8eca198e3efb4f87cb9374723ac8c) Importer(815301076,1909f56bfc062723c751e8b465ee728b)  -> (artifact id: 'fc3eb2573c3a5f4e03736687d47c4d90') in 0.003022 seconds
  Import took 0.010435 seconds .

========================================================================
Received Prepare
Registering precompiled user dll's ...
Registered in 0.007012 seconds.
Begin MonoManager ReloadAssembly
Symbol file LoadedFromMemory doesn't match image C:\Users\husheng\Desktop\myProject\4GameFramework\myShaderLibrary\Project\Common\Assets\Plugins\LogHelper.dll
Native extension for WindowsStandalone target not found
Refreshing native plugins compatible for Editor in 1.10 ms, found 1 plugins.
Preloading 0 native plugins for Editor in 0.00 ms.
Invoked RoslynAnalysisRunner static constructor.
RoslynAnalysisRunner will not be running.
RoslynAnalysisRunner has terminated.
Mono: successfully reloaded assembly
- Completed reload, in  1.313 seconds
Platform modules already initialized, skipping
Shader 'Universal Render Pipeline/Particles/Lit': fallback shader 'Universal Render Pipeline/Particles/SimpleLit' not found
Refreshing native plugins compatible for Editor in 1.02 ms, found 1 plugins.
Preloading 0 native plugins for Editor in 0.00 ms.
Unloading 3979 Unused Serialized files (Serialized files now loaded: 0)
System memory in use before: 163.7 MB.
System memory in use after: 163.9 MB.

Unloading 55 unused Assets to reduce memory usage. Loaded Objects now: 4516.
Total: 5.796760 ms (FindLiveObjects: 0.409953 ms CreateObjectMapping: 0.214600 ms MarkObjects: 5.014385 ms  DeleteObjects: 0.155256 ms)

========================================================================
Received Import Request.
  Time since last request: 57.121619 seconds.
  path: Assets/ArtRes/Scene/RPGPP_LT/Scene/rpgpp_lt_scene_1.0.unity
  artifactKey: Guid(d2809ab9b90eea7419d8d90d4c505d35) Importer(815301076,1909f56bfc062723c751e8b465ee728b)
Start importing Assets/ArtRes/Scene/RPGPP_LT/Scene/rpgpp_lt_scene_1.0.unity using Guid(d2809ab9b90eea7419d8d90d4c505d35) Importer(815301076,1909f56bfc062723c751e8b465ee728b)  -> (artifact id: '41544675f1d97a3e191b1f5c1e2c1b68') in 0.020907 seconds
  Import took 0.029536 seconds .

========================================================================
Received Import Request.
  Time since last request: 203.613900 seconds.
  path: Assets/Scenes/Demo/Common/02Vertex&FragmentShader.unity
  artifactKey: Guid(933020fbe22c2904faf4156c0de0322c) Importer(815301076,1909f56bfc062723c751e8b465ee728b)
Start importing Assets/Scenes/Demo/Common/02Vertex&FragmentShader.unity using Guid(933020fbe22c2904faf4156c0de0322c) Importer(815301076,1909f56bfc062723c751e8b465ee728b)  -> (artifact id: 'de5e0918bbf790bbcb93f52d257a57e3') in 0.004552 seconds
  Import took 0.013103 seconds .

========================================================================
Received Import Request.
  Time since last request: 0.000608 seconds.
  path: Assets/Scenes/Demo/Common/02Vertex&FragmentShader.unity
  artifactKey: Guid(933020fbe22c2904faf4156c0de0322c) Importer(815301076,1909f56bfc062723c751e8b465ee728b)
Start importing Assets/Scenes/Demo/Common/02Vertex&FragmentShader.unity using Guid(933020fbe22c2904faf4156c0de0322c) Importer(815301076,1909f56bfc062723c751e8b465ee728b)  -> (artifact id: 'de5e0918bbf790bbcb93f52d257a57e3') in 0.002923 seconds
  Import took 0.011343 seconds .

========================================================================
Received Import Request.
  Time since last request: 0.978216 seconds.
  path: Assets/Scenes/Demo/Common/06SpecularVertex.unity
  artifactKey: Guid(50f860c67cfbd7d4fa3288bcb0418f8f) Importer(815301076,1909f56bfc062723c751e8b465ee728b)
Start importing Assets/Scenes/Demo/Common/06SpecularVertex.unity using Guid(50f860c67cfbd7d4fa3288bcb0418f8f) Importer(815301076,1909f56bfc062723c751e8b465ee728b)  -> (artifact id: '3a58bb13d04c98dfd1a733b5f19376af') in 0.007145 seconds
  Import took 0.019293 seconds .

========================================================================
Received Import Request.
  Time since last request: 0.664703 seconds.
  path: Assets/Scenes/Demo/Common/11AlphaBlend.unity
  artifactKey: Guid(0bb6c53a8a63b874dbe010c31c3e969c) Importer(815301076,1909f56bfc062723c751e8b465ee728b)
Start importing Assets/Scenes/Demo/Common/11AlphaBlend.unity using Guid(0bb6c53a8a63b874dbe010c31c3e969c) Importer(815301076,1909f56bfc062723c751e8b465ee728b)  -> (artifact id: '6b1ce3bf38cd58131ea150eeca81faa3') in 0.004018 seconds
  Import took 0.014267 seconds .

========================================================================
Received Import Request.
  Time since last request: 618.160109 seconds.
  path: Assets/ArtRes/Scene/RPGPP_LT/Scene/New Lighting Settings.lighting
  artifactKey: Guid(f3a813f2b8d16814fbb9eac67bf10faf) Importer(815301076,1909f56bfc062723c751e8b465ee728b)
Start importing Assets/ArtRes/Scene/RPGPP_LT/Scene/New Lighting Settings.lighting using Guid(f3a813f2b8d16814fbb9eac67bf10faf) Importer(815301076,1909f56bfc062723c751e8b465ee728b)  -> (artifact id: 'af4bd079af56615a03579e033f3acc8c') in 0.059846 seconds
  Import took 0.067062 seconds .

========================================================================
Received Import Request.
  Time since last request: 79.384631 seconds.
  path: Assets/ArtRes/Scene/RPGPP_LT/Scene/rpgpp_lt_scene_1.0.unity
  artifactKey: Guid(d2809ab9b90eea7419d8d90d4c505d35) Importer(815301076,1909f56bfc062723c751e8b465ee728b)
Start importing Assets/ArtRes/Scene/RPGPP_LT/Scene/rpgpp_lt_scene_1.0.unity using Guid(d2809ab9b90eea7419d8d90d4c505d35) Importer(815301076,1909f56bfc062723c751e8b465ee728b)  -> (artifact id: '79aaa178228df7ccd45424665af3dbc2') in 0.003263 seconds
  Import took 0.010266 seconds .

========================================================================
Received Prepare
Registering precompiled user dll's ...
Registered in 0.013325 seconds.
Begin MonoManager ReloadAssembly
Symbol file LoadedFromMemory doesn't match image C:\Users\husheng\Desktop\myProject\4GameFramework\myShaderLibrary\Project\Common\Assets\Plugins\LogHelper.dll
Native extension for WindowsStandalone target not found
Refreshing native plugins compatible for Editor in 1.13 ms, found 1 plugins.
Preloading 0 native plugins for Editor in 0.00 ms.
Invoked RoslynAnalysisRunner static constructor.
RoslynAnalysisRunner will not be running.
RoslynAnalysisRunner has terminated.
Mono: successfully reloaded assembly
- Completed reload, in  1.307 seconds
Platform modules already initialized, skipping
Shader 'Universal Render Pipeline/Particles/Lit': fallback shader 'Universal Render Pipeline/Particles/SimpleLit' not found
Refreshing native plugins compatible for Editor in 1.05 ms, found 1 plugins.
Preloading 0 native plugins for Editor in 0.00 ms.
Unloading 3979 Unused Serialized files (Serialized files now loaded: 0)
System memory in use before: 163.9 MB.
System memory in use after: 164.0 MB.

Unloading 55 unused Assets to reduce memory usage. Loaded Objects now: 4519.
Total: 6.054344 ms (FindLiveObjects: 0.505544 ms CreateObjectMapping: 0.290303 ms MarkObjects: 5.115751 ms  DeleteObjects: 0.141142 ms)

========================================================================
Received Import Request.
  Time since last request: 89.832502 seconds.
  path: Assets/ArtRes/Scene/RPGPP_LT/Scene/rpgpp_lt_scene_1.0Settings.lighting
  artifactKey: Guid(fcc2786ab9e131041a85ed2c29251169) Importer(815301076,1909f56bfc062723c751e8b465ee728b)
Start importing Assets/ArtRes/Scene/RPGPP_LT/Scene/rpgpp_lt_scene_1.0Settings.lighting using Guid(fcc2786ab9e131041a85ed2c29251169) Importer(815301076,1909f56bfc062723c751e8b465ee728b) LightingSettings: switching bake backend from 1 to 0.
 -> (artifact id: '29aa048ac1bd9591d37d60cf36d953c2') in 0.016063 seconds
  Import took 0.022715 seconds .

========================================================================
Received Import Request.
  Time since last request: 0.004251 seconds.
  path: Assets/ArtRes/Scene/RPGPP_LT/Scene/rpgpp_lt_scene_1.0Settings.lighting
  artifactKey: Guid(fcc2786ab9e131041a85ed2c29251169) Importer(815301076,1909f56bfc062723c751e8b465ee728b)
Start importing Assets/ArtRes/Scene/RPGPP_LT/Scene/rpgpp_lt_scene_1.0Settings.lighting using Guid(fcc2786ab9e131041a85ed2c29251169) Importer(815301076,1909f56bfc062723c751e8b465ee728b) LightingSettings: switching bake backend from 1 to 0.
 -> (artifact id: '29aa048ac1bd9591d37d60cf36d953c2') in 0.004079 seconds
  Import took 0.011302 seconds .

========================================================================
Received Import Request.
  Time since last request: 102.375233 seconds.
  path: Assets/ArtRes/Scene/RPGPP_LT/Scene/rpgpp_lt_scene_1.0.unity
  artifactKey: Guid(d2809ab9b90eea7419d8d90d4c505d35) Importer(815301076,1909f56bfc062723c751e8b465ee728b)
Start importing Assets/ArtRes/Scene/RPGPP_LT/Scene/rpgpp_lt_scene_1.0.unity using Guid(d2809ab9b90eea7419d8d90d4c505d35) Importer(815301076,1909f56bfc062723c751e8b465ee728b)  -> (artifact id: '4d13015ee20dff516b257381e051bfb9') in 0.085362 seconds
  Import took 1.454159 seconds .

========================================================================
Received Import Request.
  Time since last request: 2.314636 seconds.
  path: Assets/ArtRes/Scene/RPGPP_LT
  artifactKey: Guid(f98a408d92b182d45b0bd18b78899ebd) Importer(815301076,1909f56bfc062723c751e8b465ee728b)
Start importing Assets/ArtRes/Scene/RPGPP_LT using Guid(f98a408d92b182d45b0bd18b78899ebd) Importer(815301076,1909f56bfc062723c751e8b465ee728b)  -> (artifact id: 'f5d28619291d1dfa800ed27cda0c92d9') in 0.002976 seconds
  Import took 0.320154 seconds .

========================================================================
Received Import Request.
  Time since last request: 42.343758 seconds.
  path: Assets/RPGPP_LT/Scene/rpgpp_lt_scene_1.0.unity
  artifactKey: Guid(d2809ab9b90eea7419d8d90d4c505d35) Importer(815301076,1909f56bfc062723c751e8b465ee728b)
Start importing Assets/RPGPP_LT/Scene/rpgpp_lt_scene_1.0.unity using Guid(d2809ab9b90eea7419d8d90d4c505d35) Importer(815301076,1909f56bfc062723c751e8b465ee728b)  -> (artifact id: 'cbcc769efde2116ba8ef651269459922') in 0.003351 seconds
  Import took 0.010935 seconds .

========================================================================
Received Import Request.
  Time since last request: 0.000348 seconds.
  path: Assets/RPGPP_LT/Scene/rpgpp_lt_scene_1.0.unity
  artifactKey: Guid(d2809ab9b90eea7419d8d90d4c505d35) Importer(815301076,1909f56bfc062723c751e8b465ee728b)
Start importing Assets/RPGPP_LT/Scene/rpgpp_lt_scene_1.0.unity using Guid(d2809ab9b90eea7419d8d90d4c505d35) Importer(815301076,1909f56bfc062723c751e8b465ee728b)  -> (artifact id: 'cbcc769efde2116ba8ef651269459922') in 0.003619 seconds
  Import took 0.011571 seconds .

